<?xml version="1.0" encoding="UTF-8"?>
<testng-results ignored="0" total="2" passed="2" failed="0" skipped="0">
  <reporter-output>
  </reporter-output>
  <suite started-at="2026-05-28T20:30:45 IST" name="Suite" finished-at="2026-05-28T20:30:45 IST" duration-ms="183">
    <groups>
      <group name="regression">
        <method signature="gitTest2.bookmyshow()[pri:0, instance:demo.gitTest2@6ae5aa72]" name="bookmyshow" class="demo.gitTest2"/>
      </group> <!-- regression -->
      <group name="smoke">
        <method signature="GitTest.movies()[pri:0, instance:demo.GitTest@79e2c065]" name="movies" class="demo.GitTest"/>
      </group> <!-- smoke -->
    </groups>
    <test started-at="2026-05-28T20:30:45 IST" name="Test" finished-at="2026-05-28T20:30:45 IST" duration-ms="183">
      <class name="demo.GitTest">
        <test-method signature="movies()[pri:0, instance:demo.GitTest@79e2c065]" started-at="2026-05-28T20:30:45 IST" name="movies" finished-at="2026-05-28T20:30:45 IST" duration-ms="4" status="PASS">
          <reporter-output>
          </reporter-output>
        </test-method> <!-- movies -->
      </class> <!-- demo.GitTest -->
      <class name="demo.gitTest2">
        <test-method signature="bookmyshow()[pri:0, instance:demo.gitTest2@6ae5aa72]" started-at="2026-05-28T20:30:45 IST" name="bookmyshow" finished-at="2026-05-28T20:30:45 IST" duration-ms="28" status="PASS">
          <reporter-output>
          </reporter-output>
        </test-method> <!-- bookmyshow -->
      </class> <!-- demo.gitTest2 -->
    </test> <!-- Test -->
  </suite> <!-- Suite -->
</testng-results>
